Loaded dependency [gcc/8.3.0]: binutils/2.29
Loaded dependency [python3/3.8.1]: gcc/8.3.0
Loaded module: python3/3.8.1

Switching from python3/3.8.1 to python3/3.8.1
  Loading requirement: binutils/2.29 gcc/8.3.0
Loaded module: openblas/0.3.7
Loaded module: cuda/11.8
Loaded module: cudnn/v8.6.0.163-prod-cuda-11.X
Loaded module: ffmpeg/4.2.2
Loaded module: numpy/1.18.1-python-3.8.1-openblas-0.3.7
Loaded module: pandas/1.0.3-python-3.8.1
Loaded module: scipy/1.4.1-python-3.8.1
/bin/bash: ./jobscript_hpc.sh: Permission denied

------------------------------------------------------------
Sender: LSF System <lsfadmin@hpc.dtu.dk>
Subject: Job 16904002: <NONAME> in cluster <dcc> Exited

Job <NONAME> was submitted from host <hpclogin1> by user <s220672> in cluster <dcc> at Thu Jun 22 13:34:11 2023
Job was executed on host(s) <n-62-31-2>, in queue <hpc>, as user <s220672> in cluster <dcc> at Thu Jun 22 13:34:13 2023
</zhome/20/8/175218> was used as the home directory.
</work3/s220672/ORF_prediction> was used as the working directory.
Started at Thu Jun 22 13:34:13 2023
Terminated at Thu Jun 22 13:34:14 2023
Results reported at Thu Jun 22 13:34:14 2023

Your job looked like:

------------------------------------------------------------
# LSBATCH: User input
jobscript_hpc.sh
------------------------------------------------------------

Exited with exit code 126.

Resource usage summary:

    CPU time :                                   0.70 sec.
    Max Memory :                                 -
    Average Memory :                             -
    Total Requested Memory :                     1024.00 MB
    Delta Memory :                               -
    Max Swap :                                   -
    Max Processes :                              -
    Max Threads :                                -
    Run time :                                   99 sec.
    Turnaround time :                            3 sec.

The output (if any) is above this job summary.

